Using pre-set license
Built from '2020.2/release' branch; Version is '2020.2.2f1 (068178b99f32) revision 426360'; Using compiler version '192528614'; Build Type 'Release'
OS: 'Windows 10 Pro; OS build 22000.160; Version 2009; 64bit' Language: 'en' Physical Memory: 32703 MB
BatchMode: 1, IsHumanControllingUs: 0, StartBugReporterOnCrash: 0, Is64bit: 1, IsPro: 0

 COMMAND LINE ARGUMENTS:
C:\Program Files\Unity\Hub\Editor\2020.2.2f1\Editor\Unity.exe
-adb2
-batchMode
-noUpm
-name
AssetImportWorker0
-projectPath
F:/Unity Projects/Midnight-Snack-STEALTHGAMETAFE
-logFile
Logs/AssetImportWorker0.log
-srvPort
52235
Successfully changed project path to: F:/Unity Projects/Midnight-Snack-STEALTHGAMETAFE
F:/Unity Projects/Midnight-Snack-STEALTHGAMETAFE
Using Asset Import Pipeline V2.
Refreshing native plugins compatible for Editor in 34.16 ms, found 0 plugins.
Preloading 0 native plugins for Editor in 0.00 ms.
Initialize engine version: 2020.2.2f1 (068178b99f32)
[Subsystems] Discovering subsystems at path C:/Program Files/Unity/Hub/Editor/2020.2.2f1/Editor/Data/Resources/UnitySubsystems
[Subsystems] Discovering subsystems at path F:/Unity Projects/Midnight-Snack-STEALTHGAMETAFE/Assets
GfxDevice: creating device client; threaded=0
Direct3D:
    Version:  Direct3D 11.0 [level 11.1]
    Renderer: NVIDIA GeForce RTX 3080 (ID=0x2206)
    Vendor:   
    VRAM:     10078 MB
    Driver:   30.0.14.7141
Initialize mono
Mono path[0] = 'C:/Program Files/Unity/Hub/Editor/2020.2.2f1/Editor/Data/Managed'
Mono path[1] = 'C:/Program Files/Unity/Hub/Editor/2020.2.2f1/Editor/Data/MonoBleedingEdge/lib/mono/unityjit'
Mono config path = 'C:/Program Files/Unity/Hub/Editor/2020.2.2f1/Editor/Data/MonoBleedingEdge/etc'
Using monoOptions --debugger-agent=transport=dt_socket,embedding=1,server=y,suspend=n,address=127.0.0.1:56544
Begin MonoManager ReloadAssembly
Registering precompiled unity dll's ...
Register platform support module: C:/Program Files/Unity/Hub/Editor/2020.2.2f1/Editor/Data/PlaybackEngines/WebGLSupport/UnityEditor.WebGL.Extensions.dll
Register platform support module: C:/Program Files/Unity/Hub/Editor/2020.2.2f1/Editor/Data/PlaybackEngines/WindowsStandaloneSupport/UnityEditor.WindowsStandalone.Extensions.dll
Registered in 0.002257 seconds.
Native extension for WindowsStandalone target not found
Native extension for WebGL target not found
Refreshing native plugins compatible for Editor in 31.28 ms, found 0 plugins.
Preloading 0 native plugins for Editor in 0.00 ms.
Invoked RoslynAnalysisRunner static constructor.
RoslynAnalysisRunner will not be running.
RoslynAnalysisRunner has terminated.
Mono: successfully reloaded assembly
- Completed reload, in  2.456 seconds
Platform modules already initialized, skipping
Registering precompiled user dll's ...
Registered in 0.000874 seconds.
Begin MonoManager ReloadAssembly
Native extension for WindowsStandalone target not found
Native extension for WebGL target not found
Refreshing native plugins compatible for Editor in 0.31 ms, found 0 plugins.
Preloading 0 native plugins for Editor in 0.00 ms.
Invoked RoslynAnalysisRunner static constructor.
RoslynAnalysisRunner will not be running.
RoslynAnalysisRunner has terminated.
Mono: successfully reloaded assembly
- Completed reload, in  0.967 seconds
Platform modules already initialized, skipping
========================================================================
Worker process is ready to serve import requests
Launched and connected shader compiler UnityShaderCompiler.exe after 0.04 seconds
Refreshing native plugins compatible for Editor in 0.30 ms, found 0 plugins.
Preloading 0 native plugins for Editor in 0.00 ms.
Unloading 1504 Unused Serialized files (Serialized files now loaded: 0)
System memory in use before: 75.6 MB.
System memory in use after: 75.6 MB.

Unloading 73 unused Assets to reduce memory usage. Loaded Objects now: 1941.
Total: 1.954100 ms (FindLiveObjects: 0.173200 ms CreateObjectMapping: 0.064900 ms MarkObjects: 1.567300 ms  DeleteObjects: 0.147900 ms)

========================================================================
Received Import Request.
  path: Assets/Art/Levels/livingroomv1.fbx
  artifactKey: Guid(3d4f4bb9fd90cb546a97f4d5263eacc2) Importer(815301076,1909f56bfc062723c751e8b465ee728b)
Start importing Assets/Art/Levels/livingroomv1.fbx using Guid(3d4f4bb9fd90cb546a97f4d5263eacc2) Importer(815301076,1909f56bfc062723c751e8b465ee728b)  -> (artifact id: '5a4f3f599fc98c8b467a6e222c2597ea') in 0.372003 seconds
  Import took 0.374865 seconds .

========================================================================
Received Import Request.
  Time since last request: 0.000195 seconds.
  path: Assets/Art/Levels/levelbase.fbx
  artifactKey: Guid(ae5729ed8d45fbb468e67e4852606416) Importer(815301076,1909f56bfc062723c751e8b465ee728b)
Start importing Assets/Art/Levels/levelbase.fbx using Guid(ae5729ed8d45fbb468e67e4852606416) Importer(815301076,1909f56bfc062723c751e8b465ee728b)  -> (artifact id: '014345b05282aaa913183bfe9dafac9b') in 0.091453 seconds
  Import took 0.093751 seconds .

========================================================================
Received Import Request.
  Time since last request: 0.000296 seconds.
  path: Assets/Art/Levels/kitchenv1.fbx
  artifactKey: Guid(ece139fb93304074e95781d978e38335) Importer(815301076,1909f56bfc062723c751e8b465ee728b)
Start importing Assets/Art/Levels/kitchenv1.fbx using Guid(ece139fb93304074e95781d978e38335) Importer(815301076,1909f56bfc062723c751e8b465ee728b)  -> (artifact id: '939b34ec9f63993418e5e8a679407666') in 0.131744 seconds
  Import took 0.155057 seconds .

