Using pre-set license
Built from '2020.2/release' branch; Version is '2020.2.2f1 (068178b99f32) revision 426360'; Using compiler version '192528614'; Build Type 'Release'
OS: 'Windows 10 Pro; OS build 22000.160; Version 2009; 64bit' Language: 'en' Physical Memory: 32703 MB
BatchMode: 1, IsHumanControllingUs: 0, StartBugReporterOnCrash: 0, Is64bit: 1, IsPro: 0

 COMMAND LINE ARGUMENTS:
C:\Program Files\Unity\Hub\Editor\2020.2.2f1\Editor\Unity.exe
-adb2
-batchMode
-noUpm
-name
AssetImportWorker0
-projectPath
F:/Unity Projects/Midnight-Snack-STEALTHGAMETAFE
-logFile
Logs/AssetImportWorker0.log
-srvPort
60684
Successfully changed project path to: F:/Unity Projects/Midnight-Snack-STEALTHGAMETAFE
F:/Unity Projects/Midnight-Snack-STEALTHGAMETAFE
Using Asset Import Pipeline V2.
Refreshing native plugins compatible for Editor in 32.94 ms, found 0 plugins.
Preloading 0 native plugins for Editor in 0.00 ms.
Initialize engine version: 2020.2.2f1 (068178b99f32)
[Subsystems] Discovering subsystems at path C:/Program Files/Unity/Hub/Editor/2020.2.2f1/Editor/Data/Resources/UnitySubsystems
[Subsystems] Discovering subsystems at path F:/Unity Projects/Midnight-Snack-STEALTHGAMETAFE/Assets
GfxDevice: creating device client; threaded=0
Direct3D:
    Version:  Direct3D 11.0 [level 11.1]
    Renderer: NVIDIA GeForce RTX 3080 (ID=0x2206)
    Vendor:   
    VRAM:     10078 MB
    Driver:   30.0.14.7141
Initialize mono
Mono path[0] = 'C:/Program Files/Unity/Hub/Editor/2020.2.2f1/Editor/Data/Managed'
Mono path[1] = 'C:/Program Files/Unity/Hub/Editor/2020.2.2f1/Editor/Data/MonoBleedingEdge/lib/mono/unityjit'
Mono config path = 'C:/Program Files/Unity/Hub/Editor/2020.2.2f1/Editor/Data/MonoBleedingEdge/etc'
Using monoOptions --debugger-agent=transport=dt_socket,embedding=1,server=y,suspend=n,address=127.0.0.1:56176
Begin MonoManager ReloadAssembly
Registering precompiled unity dll's ...
Register platform support module: C:/Program Files/Unity/Hub/Editor/2020.2.2f1/Editor/Data/PlaybackEngines/WebGLSupport/UnityEditor.WebGL.Extensions.dll
Register platform support module: C:/Program Files/Unity/Hub/Editor/2020.2.2f1/Editor/Data/PlaybackEngines/WindowsStandaloneSupport/UnityEditor.WindowsStandalone.Extensions.dll
Registered in 0.002744 seconds.
Native extension for WindowsStandalone target not found
Native extension for WebGL target not found
Refreshing native plugins compatible for Editor in 30.14 ms, found 0 plugins.
Preloading 0 native plugins for Editor in 0.00 ms.
Invoked RoslynAnalysisRunner static constructor.
RoslynAnalysisRunner will not be running.
RoslynAnalysisRunner has terminated.
Mono: successfully reloaded assembly
- Completed reload, in  3.104 seconds
Platform modules already initialized, skipping
Registering precompiled user dll's ...
Registered in 0.000976 seconds.
Begin MonoManager ReloadAssembly
Native extension for WindowsStandalone target not found
Native extension for WebGL target not found
Refreshing native plugins compatible for Editor in 0.31 ms, found 0 plugins.
Preloading 0 native plugins for Editor in 0.00 ms.
Invoked RoslynAnalysisRunner static constructor.
RoslynAnalysisRunner will not be running.
RoslynAnalysisRunner has terminated.
Mono: successfully reloaded assembly
- Completed reload, in  1.052 seconds
Platform modules already initialized, skipping
========================================================================
Worker process is ready to serve import requests
Launched and connected shader compiler UnityShaderCompiler.exe after 0.06 seconds
Refreshing native plugins compatible for Editor in 0.30 ms, found 0 plugins.
Preloading 0 native plugins for Editor in 0.00 ms.
Unloading 1622 Unused Serialized files (Serialized files now loaded: 0)
System memory in use before: 83.5 MB.
System memory in use after: 83.5 MB.

Unloading 76 unused Assets to reduce memory usage. Loaded Objects now: 2059.
Total: 2.409500 ms (FindLiveObjects: 0.283400 ms CreateObjectMapping: 0.088600 ms MarkObjects: 1.868400 ms  DeleteObjects: 0.167800 ms)

========================================================================
Received Import Request.
  path: Assets/Art/logo.png
  artifactKey: Guid(cfd45201a2017134593bac8a7f7d7a90) Importer(815301076,1909f56bfc062723c751e8b465ee728b)
Start importing Assets/Art/logo.png using Guid(cfd45201a2017134593bac8a7f7d7a90) Importer(815301076,1909f56bfc062723c751e8b465ee728b)  -> (artifact id: '6506fe96da3eadde84a4595352b3c5dc') in 0.256796 seconds
  Import took 0.259585 seconds .

========================================================================
Received Import Request.
  Time since last request: 0.000204 seconds.
  path: Assets/Art/buttonbase.png
  artifactKey: Guid(40b0e27ffe02f2f4282b927520a0e8cd) Importer(815301076,1909f56bfc062723c751e8b465ee728b)
Start importing Assets/Art/buttonbase.png using Guid(40b0e27ffe02f2f4282b927520a0e8cd) Importer(815301076,1909f56bfc062723c751e8b465ee728b)  -> (artifact id: '7f6ea7a750cd6caba2eb874514c17049') in 0.079314 seconds
  Import took 0.082246 seconds .

========================================================================
Received Import Request.
  Time since last request: 0.000291 seconds.
  path: Assets/Art/Illustration12.png
  artifactKey: Guid(c659fe6b93018a84ea07641894694aff) Importer(815301076,1909f56bfc062723c751e8b465ee728b)
Start importing Assets/Art/Illustration12.png using Guid(c659fe6b93018a84ea07641894694aff) Importer(815301076,1909f56bfc062723c751e8b465ee728b)  -> (artifact id: '7944c4337effbf21238fde523b2e7399') in 0.084812 seconds
  Import took 0.087289 seconds .

========================================================================
Received Import Request.
  Time since last request: 0.000198 seconds.
  path: Assets/Scenes/Menu.unity
  artifactKey: Guid(8c33178a3219aa347b438c950f029cb6) Importer(815301076,1909f56bfc062723c751e8b465ee728b)
Start importing Assets/Scenes/Menu.unity using Guid(8c33178a3219aa347b438c950f029cb6) Importer(815301076,1909f56bfc062723c751e8b465ee728b)  -> (artifact id: '3f9a60a5578ff2608f29130e1ea5e840') in 0.028069 seconds
  Import took 0.046987 seconds .

========================================================================
Received Import Request.
  Time since last request: 16.986087 seconds.
  path: Assets/Scenes/Lose.unity
  artifactKey: Guid(e5b6d2fd792fbf44ea3280c6da9887c1) Importer(815301076,1909f56bfc062723c751e8b465ee728b)
Start importing Assets/Scenes/Lose.unity using Guid(e5b6d2fd792fbf44ea3280c6da9887c1) Importer(815301076,1909f56bfc062723c751e8b465ee728b)  -> (artifact id: 'a62cb26b4fe837f74debe55805002373') in 0.153739 seconds
  Import took 0.156355 seconds .

========================================================================
Received Import Request.
  Time since last request: 1.290960 seconds.
  path: Assets/Scenes/Game.unity
  artifactKey: Guid(fca4ee8c2ebe2b7478edc5b22938d5e2) Importer(815301076,1909f56bfc062723c751e8b465ee728b)
Start importing Assets/Scenes/Game.unity using Guid(fca4ee8c2ebe2b7478edc5b22938d5e2) Importer(815301076,1909f56bfc062723c751e8b465ee728b)  -> (artifact id: '3e87424a9579e4fc6173de2caad72150') in 0.050457 seconds
  Import took 0.052981 seconds .

========================================================================
Received Import Request.
  Time since last request: 1.047376 seconds.
  path: Assets/Scenes/Win.unity
  artifactKey: Guid(40a1b2c357300374a8b27f37ca686fb2) Importer(815301076,1909f56bfc062723c751e8b465ee728b)
Start importing Assets/Scenes/Win.unity using Guid(40a1b2c357300374a8b27f37ca686fb2) Importer(815301076,1909f56bfc062723c751e8b465ee728b)  -> (artifact id: '6cfcc9ff435e14f8ee1f0b9011cb70d3') in 0.045817 seconds
  Import took 0.048274 seconds .

========================================================================
Received Prepare
Refreshing native plugins compatible for Editor in 0.82 ms, found 0 plugins.
Preloading 0 native plugins for Editor in 0.00 ms.
Unloading 3 Unused Serialized files (Serialized files now loaded: 0)
System memory in use before: 50.6 MB.
System memory in use after: 50.7 MB.

Unloading 3 unused Assets to reduce memory usage. Loaded Objects now: 2069.
Total: 5.117200 ms (FindLiveObjects: 1.163800 ms CreateObjectMapping: 0.266500 ms MarkObjects: 3.602800 ms  DeleteObjects: 0.081600 ms)

========================================================================
Received Prepare
Registering precompiled user dll's ...
Registered in 0.001420 seconds.
Begin MonoManager ReloadAssembly
Native extension for WindowsStandalone target not found
Native extension for WebGL target not found
Refreshing native plugins compatible for Editor in 0.30 ms, found 0 plugins.
Preloading 0 native plugins for Editor in 0.00 ms.
Warning: Annotation not found!
UnityEngine.StackTraceUtility:ExtractStackTrace ()
UnityEditor.ProBuilder.EditorUtility:SetGizmoIconEnabled (System.Type,bool) (at Library/PackageCache/com.unity.probuilder@4.4.0/Editor/EditorCore/EditorUtility.cs:593)
UnityEditor.ProBuilder.HierarchyListener:.cctor () (at Library/PackageCache/com.unity.probuilder@4.4.0/Editor/EditorCore/HierarchyListener.cs:21)
System.Runtime.CompilerServices.RuntimeHelpers:RunClassConstructor (System.RuntimeTypeHandle)
UnityEditor.EditorAssemblies:ProcessInitializeOnLoadAttributes (System.Type[])

[Library/PackageCache/com.unity.probuilder@4.4.0/Editor/EditorCore/EditorUtility.cs line 593]

Invoked RoslynAnalysisRunner static constructor.
RoslynAnalysisRunner will not be running.
RoslynAnalysisRunner has terminated.
Mono: successfully reloaded assembly
- Completed reload, in  0.958 seconds
Platform modules already initialized, skipping
Refreshing native plugins compatible for Editor in 0.50 ms, found 0 plugins.
Preloading 0 native plugins for Editor in 0.00 ms.
Unloading 1547 Unused Serialized files (Serialized files now loaded: 0)
System memory in use before: 82.3 MB.
System memory in use after: 82.3 MB.

Unloading 5 unused Assets to reduce memory usage. Loaded Objects now: 2071.
Total: 2.670900 ms (FindLiveObjects: 0.362100 ms CreateObjectMapping: 0.091300 ms MarkObjects: 2.141300 ms  DeleteObjects: 0.074000 ms)

========================================================================
Received Prepare
Registering precompiled user dll's ...
Registered in 0.000995 seconds.
Begin MonoManager ReloadAssembly
Native extension for WindowsStandalone target not found
Native extension for WebGL target not found
Refreshing native plugins compatible for Editor in 0.41 ms, found 0 plugins.
Preloading 0 native plugins for Editor in 0.00 ms.
Warning: Annotation not found!
UnityEngine.StackTraceUtility:ExtractStackTrace ()
UnityEditor.ProBuilder.EditorUtility:SetGizmoIconEnabled (System.Type,bool) (at Library/PackageCache/com.unity.probuilder@4.4.0/Editor/EditorCore/EditorUtility.cs:593)
UnityEditor.ProBuilder.HierarchyListener:.cctor () (at Library/PackageCache/com.unity.probuilder@4.4.0/Editor/EditorCore/HierarchyListener.cs:21)
System.Runtime.CompilerServices.RuntimeHelpers:RunClassConstructor (System.RuntimeTypeHandle)
UnityEditor.EditorAssemblies:ProcessInitializeOnLoadAttributes (System.Type[])

[Library/PackageCache/com.unity.probuilder@4.4.0/Editor/EditorCore/EditorUtility.cs line 593]

Invoked RoslynAnalysisRunner static constructor.
RoslynAnalysisRunner will not be running.
RoslynAnalysisRunner has terminated.
Mono: successfully reloaded assembly
- Completed reload, in  0.873 seconds
Platform modules already initialized, skipping
Refreshing native plugins compatible for Editor in 0.36 ms, found 0 plugins.
Preloading 0 native plugins for Editor in 0.00 ms.
Unloading 1547 Unused Serialized files (Serialized files now loaded: 0)
System memory in use before: 82.2 MB.
System memory in use after: 82.3 MB.

Unloading 5 unused Assets to reduce memory usage. Loaded Objects now: 2073.
Total: 4.127900 ms (FindLiveObjects: 0.336600 ms CreateObjectMapping: 0.117700 ms MarkObjects: 3.596400 ms  DeleteObjects: 0.074700 ms)

========================================================================
Received Import Request.
  Time since last request: 1515.653313 seconds.
  path: Assets/Scenes/Game.unity
  artifactKey: Guid(fca4ee8c2ebe2b7478edc5b22938d5e2) Importer(815301076,1909f56bfc062723c751e8b465ee728b)
Start importing Assets/Scenes/Game.unity using Guid(fca4ee8c2ebe2b7478edc5b22938d5e2) Importer(815301076,1909f56bfc062723c751e8b465ee728b)  -> (artifact id: 'd2318ea9ecb3c884982e491a164b44b4') in 0.353559 seconds
  Import took 0.375227 seconds .

========================================================================
Received Prepare
Registering precompiled user dll's ...
Registered in 0.001818 seconds.
Begin MonoManager ReloadAssembly
Native extension for WindowsStandalone target not found
Native extension for WebGL target not found
Refreshing native plugins compatible for Editor in 0.27 ms, found 0 plugins.
Preloading 0 native plugins for Editor in 0.00 ms.
Warning: Annotation not found!
UnityEngine.StackTraceUtility:ExtractStackTrace ()
UnityEditor.ProBuilder.EditorUtility:SetGizmoIconEnabled (System.Type,bool) (at Library/PackageCache/com.unity.probuilder@4.4.0/Editor/EditorCore/EditorUtility.cs:593)
UnityEditor.ProBuilder.HierarchyListener:.cctor () (at Library/PackageCache/com.unity.probuilder@4.4.0/Editor/EditorCore/HierarchyListener.cs:21)
System.Runtime.CompilerServices.RuntimeHelpers:RunClassConstructor (System.RuntimeTypeHandle)
UnityEditor.EditorAssemblies:ProcessInitializeOnLoadAttributes (System.Type[])

[Library/PackageCache/com.unity.probuilder@4.4.0/Editor/EditorCore/EditorUtility.cs line 593]

Invoked RoslynAnalysisRunner static constructor.
RoslynAnalysisRunner will not be running.
RoslynAnalysisRunner has terminated.
Mono: successfully reloaded assembly
- Completed reload, in  0.974 seconds
Platform modules already initialized, skipping
Refreshing native plugins compatible for Editor in 0.77 ms, found 0 plugins.
Preloading 0 native plugins for Editor in 0.00 ms.
Unloading 1547 Unused Serialized files (Serialized files now loaded: 0)
System memory in use before: 82.3 MB.
System memory in use after: 82.4 MB.

Unloading 5 unused Assets to reduce memory usage. Loaded Objects now: 2075.
Total: 2.809000 ms (FindLiveObjects: 0.310300 ms CreateObjectMapping: 0.090000 ms MarkObjects: 2.336300 ms  DeleteObjects: 0.071100 ms)

========================================================================
Received Import Request.
  Time since last request: 1254.489070 seconds.
  path: Assets/Prefab
  artifactKey: Guid(b17d5a1d2e7d26b48a0460a97c3e3719) Importer(815301076,1909f56bfc062723c751e8b465ee728b)
Start importing Assets/Prefab using Guid(b17d5a1d2e7d26b48a0460a97c3e3719) Importer(815301076,1909f56bfc062723c751e8b465ee728b)  -> (artifact id: '877543d6919b6ba4b1c2d3ce55da23fb') in 0.057946 seconds
  Import took 0.062242 seconds .

========================================================================
Received Import Request.
  Time since last request: 3.045724 seconds.
  path: Assets/Prefab/Mother.prefab
  artifactKey: Guid(8fe1e3236baa05644ab7041bcc7f257d) Importer(815301076,1909f56bfc062723c751e8b465ee728b)
Start importing Assets/Prefab/Mother.prefab using Guid(8fe1e3236baa05644ab7041bcc7f257d) Importer(815301076,1909f56bfc062723c751e8b465ee728b)  -> (artifact id: 'fa88b55e694a3dfb999a6ba41bcaf423') in 0.368472 seconds
  Import took 0.387688 seconds .

========================================================================
Received Import Request.
  Time since last request: 659.593286 seconds.
  path: Assets/Scripts/Mother/MotherVision.cs
  artifactKey: Guid(4feae6bf93dfde94481698fef749efc4) Importer(815301076,1909f56bfc062723c751e8b465ee728b)
Start importing Assets/Scripts/Mother/MotherVision.cs using Guid(4feae6bf93dfde94481698fef749efc4) Importer(815301076,1909f56bfc062723c751e8b465ee728b)  -> (artifact id: 'bf95a3060b1343f4ec1767820c557260') in 0.095685 seconds
  Import took 0.123664 seconds .

========================================================================
Received Import Request.
  Time since last request: 0.509660 seconds.
  path: Assets/Scripts/Mother/MotherStates.cs
  artifactKey: Guid(824674aec5c1f304f81b90ff8a460d24) Importer(815301076,1909f56bfc062723c751e8b465ee728b)
Start importing Assets/Scripts/Mother/MotherStates.cs using Guid(824674aec5c1f304f81b90ff8a460d24) Importer(815301076,1909f56bfc062723c751e8b465ee728b)  -> (artifact id: '4a489515bcba5379c56971cfc69aebc1') in 0.088858 seconds
  Import took 0.092084 seconds .

========================================================================
Received Import Request.
  Time since last request: 12583.148634 seconds.
  path: Assets/Art/Created by.png
  artifactKey: Guid(c79f2622f498510429a969d03b60e4be) Importer(815301076,1909f56bfc062723c751e8b465ee728b)
Start importing Assets/Art/Created by.png using Guid(c79f2622f498510429a969d03b60e4be) Importer(815301076,1909f56bfc062723c751e8b465ee728b)  -> (artifact id: '906699497089e812d309f5793106b471') in 0.085715 seconds
  Import took 0.089422 seconds .

========================================================================
Received Import Request.
  Time since last request: 159.872513 seconds.
  path: Assets/Art/Models/body_jng.JPG
  artifactKey: Guid(723b508250c7a474ab3870fa82aa050d) Importer(815301076,1909f56bfc062723c751e8b465ee728b)
Start importing Assets/Art/Models/body_jng.JPG using Guid(723b508250c7a474ab3870fa82aa050d) Importer(815301076,1909f56bfc062723c751e8b465ee728b)  -> (artifact id: '99620c4846fb1d53b93d792d34cf27a7') in 0.133275 seconds
  Import took 0.150480 seconds .

========================================================================
Received Import Request.
  Time since last request: 0.000256 seconds.
  path: Assets/TextMesh Pro/Sprites/EmojiOne.png
  artifactKey: Guid(dffef66376be4fa480fb02b19edbe903) Importer(815301076,1909f56bfc062723c751e8b465ee728b)
Start importing Assets/TextMesh Pro/Sprites/EmojiOne.png using Guid(dffef66376be4fa480fb02b19edbe903) Importer(815301076,1909f56bfc062723c751e8b465ee728b)  -> (artifact id: '1564a380c5b288c13ad7278b0232e4c6') in 0.083735 seconds
  Import took 0.086291 seconds .

========================================================================
Received Import Request.
  Time since last request: 0.000214 seconds.
  path: Assets/Art/Models/body_jng.JPG
  artifactKey: Guid(723b508250c7a474ab3870fa82aa050d) Importer(815301076,1909f56bfc062723c751e8b465ee728b)
Start importing Assets/Art/Models/body_jng.JPG using Guid(723b508250c7a474ab3870fa82aa050d) Importer(815301076,1909f56bfc062723c751e8b465ee728b)  -> (artifact id: '99620c4846fb1d53b93d792d34cf27a7') in 0.074995 seconds
  Import took 0.078291 seconds .

========================================================================
Received Import Request.
  Time since last request: 0.000223 seconds.
  path: Assets/TextMesh Pro/Sprites/EmojiOne.png
  artifactKey: Guid(dffef66376be4fa480fb02b19edbe903) Importer(815301076,1909f56bfc062723c751e8b465ee728b)
Start importing Assets/TextMesh Pro/Sprites/EmojiOne.png using Guid(dffef66376be4fa480fb02b19edbe903) Importer(815301076,1909f56bfc062723c751e8b465ee728b)  -> (artifact id: '1564a380c5b288c13ad7278b0232e4c6') in 0.085351 seconds
  Import took 0.088560 seconds .

========================================================================
Received Import Request.
  Time since last request: 0.000197 seconds.
  path: Assets/Art/Models/hair_jng.JPG
  artifactKey: Guid(b4cc69387a999014ca88c9c12c691e4c) Importer(815301076,1909f56bfc062723c751e8b465ee728b)
Start importing Assets/Art/Models/hair_jng.JPG using Guid(b4cc69387a999014ca88c9c12c691e4c) Importer(815301076,1909f56bfc062723c751e8b465ee728b)  -> (artifact id: '6bcdf9b56f666f48b05ccdb448216581') in 0.075678 seconds
  Import took 0.078926 seconds .

========================================================================
Received Import Request.
  Time since last request: 20.122337 seconds.
  path: Assets/TextMesh Pro/Resources/Fonts & Materials/LiberationSans SDF - Fallback.asset
  artifactKey: Guid(2e498d1c8094910479dc3e1b768306a4) Importer(815301076,1909f56bfc062723c751e8b465ee728b)
Start importing Assets/TextMesh Pro/Resources/Fonts & Materials/LiberationSans SDF - Fallback.asset using Guid(2e498d1c8094910479dc3e1b768306a4) Importer(815301076,1909f56bfc062723c751e8b465ee728b)  -> (artifact id: 'e477d24955eb4c0eac9819415375fc35') in 0.263067 seconds
  Import took 0.296972 seconds .

========================================================================
Received Import Request.
  Time since last request: 0.000200 seconds.
  path: Assets/TextMesh Pro/Resources/Fonts & Materials/LiberationSans SDF.asset
  artifactKey: Guid(8f586378b4e144a9851e7b34d9b748ee) Importer(815301076,1909f56bfc062723c751e8b465ee728b)
Start importing Assets/TextMesh Pro/Resources/Fonts & Materials/LiberationSans SDF.asset using Guid(8f586378b4e144a9851e7b34d9b748ee) Importer(815301076,1909f56bfc062723c751e8b465ee728b)  -> (artifact id: 'b4238d63573cec5b4bf1f4761c8ca942') in 0.091923 seconds
  Import took 0.095868 seconds .

========================================================================
Received Import Request.
  Time since last request: 0.004335 seconds.
  path: Assets/TextMesh Pro/Resources/Fonts & Materials/LiberationSans SDF.asset
  artifactKey: Guid(8f586378b4e144a9851e7b34d9b748ee) Importer(815301076,1909f56bfc062723c751e8b465ee728b)
Start importing Assets/TextMesh Pro/Resources/Fonts & Materials/LiberationSans SDF.asset using Guid(8f586378b4e144a9851e7b34d9b748ee) Importer(815301076,1909f56bfc062723c751e8b465ee728b)  -> (artifact id: 'b4238d63573cec5b4bf1f4761c8ca942') in 0.078590 seconds
  Import took 0.081364 seconds .

========================================================================
Received Import Request.
  Time since last request: 18.973356 seconds.
  path: Assets/Art/Created by.png
  artifactKey: Guid(c79f2622f498510429a969d03b60e4be) Importer(815301076,1909f56bfc062723c751e8b465ee728b)
Start importing Assets/Art/Created by.png using Guid(c79f2622f498510429a969d03b60e4be) Importer(815301076,1909f56bfc062723c751e8b465ee728b)  -> (artifact id: '3d9ea9537f676830e373314962e4c32f') in 0.078033 seconds
  Import took 0.081563 seconds .

========================================================================
Received Prepare
Registering precompiled user dll's ...
Registered in 0.001106 seconds.
Begin MonoManager ReloadAssembly
Native extension for WindowsStandalone target not found
Native extension for WebGL target not found
Refreshing native plugins compatible for Editor in 0.31 ms, found 0 plugins.
Preloading 0 native plugins for Editor in 0.00 ms.
Warning: Annotation not found!
UnityEngine.StackTraceUtility:ExtractStackTrace ()
UnityEditor.ProBuilder.EditorUtility:SetGizmoIconEnabled (System.Type,bool) (at Library/PackageCache/com.unity.probuilder@4.4.0/Editor/EditorCore/EditorUtility.cs:593)
UnityEditor.ProBuilder.HierarchyListener:.cctor () (at Library/PackageCache/com.unity.probuilder@4.4.0/Editor/EditorCore/HierarchyListener.cs:21)
System.Runtime.CompilerServices.RuntimeHelpers:RunClassConstructor (System.RuntimeTypeHandle)
UnityEditor.EditorAssemblies:ProcessInitializeOnLoadAttributes (System.Type[])

[Library/PackageCache/com.unity.probuilder@4.4.0/Editor/EditorCore/EditorUtility.cs line 593]

Invoked RoslynAnalysisRunner static constructor.
RoslynAnalysisRunner will not be running.
RoslynAnalysisRunner has terminated.
Mono: successfully reloaded assembly
- Completed reload, in  0.953 seconds
Platform modules already initialized, skipping
Refreshing native plugins compatible for Editor in 0.51 ms, found 0 plugins.
Preloading 0 native plugins for Editor in 0.00 ms.
Unloading 1547 Unused Serialized files (Serialized files now loaded: 0)
System memory in use before: 94.0 MB.
System memory in use after: 94.0 MB.

Unloading 5 unused Assets to reduce memory usage. Loaded Objects now: 2123.
Total: 2.963400 ms (FindLiveObjects: 0.272300 ms CreateObjectMapping: 0.098200 ms MarkObjects: 2.535800 ms  DeleteObjects: 0.055800 ms)

========================================================================
Received Prepare
Registering precompiled user dll's ...
Registered in 0.001093 seconds.
Begin MonoManager ReloadAssembly
Native extension for WindowsStandalone target not found
Native extension for WebGL target not found
Refreshing native plugins compatible for Editor in 0.29 ms, found 0 plugins.
Preloading 0 native plugins for Editor in 0.00 ms.
Warning: Annotation not found!
UnityEngine.StackTraceUtility:ExtractStackTrace ()
UnityEditor.ProBuilder.EditorUtility:SetGizmoIconEnabled (System.Type,bool) (at Library/PackageCache/com.unity.probuilder@4.4.0/Editor/EditorCore/EditorUtility.cs:593)
UnityEditor.ProBuilder.HierarchyListener:.cctor () (at Library/PackageCache/com.unity.probuilder@4.4.0/Editor/EditorCore/HierarchyListener.cs:21)
System.Runtime.CompilerServices.RuntimeHelpers:RunClassConstructor (System.RuntimeTypeHandle)
UnityEditor.EditorAssemblies:ProcessInitializeOnLoadAttributes (System.Type[])

[Library/PackageCache/com.unity.probuilder@4.4.0/Editor/EditorCore/EditorUtility.cs line 593]

Invoked RoslynAnalysisRunner static constructor.
RoslynAnalysisRunner will not be running.
RoslynAnalysisRunner has terminated.
Mono: successfully reloaded assembly
- Completed reload, in  0.892 seconds
Platform modules already initialized, skipping
Refreshing native plugins compatible for Editor in 0.26 ms, found 0 plugins.
Preloading 0 native plugins for Editor in 0.00 ms.
Unloading 1547 Unused Serialized files (Serialized files now loaded: 0)
System memory in use before: 94.0 MB.
System memory in use after: 94.1 MB.

Unloading 5 unused Assets to reduce memory usage. Loaded Objects now: 2125.
Total: 2.197400 ms (FindLiveObjects: 0.474200 ms CreateObjectMapping: 0.130500 ms MarkObjects: 1.540800 ms  DeleteObjects: 0.050300 ms)

========================================================================
Received Prepare
Registering precompiled user dll's ...
Registered in 0.000866 seconds.
Begin MonoManager ReloadAssembly
Native extension for WindowsStandalone target not found
Native extension for WebGL target not found
Refreshing native plugins compatible for Editor in 0.32 ms, found 0 plugins.
Preloading 0 native plugins for Editor in 0.00 ms.
Warning: Annotation not found!
UnityEngine.StackTraceUtility:ExtractStackTrace ()
UnityEditor.ProBuilder.EditorUtility:SetGizmoIconEnabled (System.Type,bool) (at Library/PackageCache/com.unity.probuilder@4.4.0/Editor/EditorCore/EditorUtility.cs:593)
UnityEditor.ProBuilder.HierarchyListener:.cctor () (at Library/PackageCache/com.unity.probuilder@4.4.0/Editor/EditorCore/HierarchyListener.cs:21)
System.Runtime.CompilerServices.RuntimeHelpers:RunClassConstructor (System.RuntimeTypeHandle)
UnityEditor.EditorAssemblies:ProcessInitializeOnLoadAttributes (System.Type[])

[Library/PackageCache/com.unity.probuilder@4.4.0/Editor/EditorCore/EditorUtility.cs line 593]

Invoked RoslynAnalysisRunner static constructor.
RoslynAnalysisRunner will not be running.
RoslynAnalysisRunner has terminated.
Mono: successfully reloaded assembly
- Completed reload, in  0.875 seconds
Platform modules already initialized, skipping
Refreshing native plugins compatible for Editor in 0.28 ms, found 0 plugins.
Preloading 0 native plugins for Editor in 0.00 ms.
Unloading 1547 Unused Serialized files (Serialized files now loaded: 0)
System memory in use before: 93.8 MB.
System memory in use after: 93.9 MB.

Unloading 5 unused Assets to reduce memory usage. Loaded Objects now: 2127.
Total: 2.294500 ms (FindLiveObjects: 0.210500 ms CreateObjectMapping: 0.078300 ms MarkObjects: 1.951700 ms  DeleteObjects: 0.053000 ms)

========================================================================
Received Prepare
Registering precompiled user dll's ...
Registered in 0.002038 seconds.
Begin MonoManager ReloadAssembly
Native extension for WindowsStandalone target not found
Native extension for WebGL target not found
Refreshing native plugins compatible for Editor in 0.29 ms, found 0 plugins.
Preloading 0 native plugins for Editor in 0.00 ms.
Warning: Annotation not found!
UnityEngine.StackTraceUtility:ExtractStackTrace ()
UnityEditor.ProBuilder.EditorUtility:SetGizmoIconEnabled (System.Type,bool) (at Library/PackageCache/com.unity.probuilder@4.4.0/Editor/EditorCore/EditorUtility.cs:593)
UnityEditor.ProBuilder.HierarchyListener:.cctor () (at Library/PackageCache/com.unity.probuilder@4.4.0/Editor/EditorCore/HierarchyListener.cs:21)
System.Runtime.CompilerServices.RuntimeHelpers:RunClassConstructor (System.RuntimeTypeHandle)
UnityEditor.EditorAssemblies:ProcessInitializeOnLoadAttributes (System.Type[])

[Library/PackageCache/com.unity.probuilder@4.4.0/Editor/EditorCore/EditorUtility.cs line 593]

Invoked RoslynAnalysisRunner static constructor.
RoslynAnalysisRunner will not be running.
RoslynAnalysisRunner has terminated.
Mono: successfully reloaded assembly
- Completed reload, in  0.840 seconds
Platform modules already initialized, skipping
Refreshing native plugins compatible for Editor in 0.65 ms, found 0 plugins.
Preloading 0 native plugins for Editor in 0.00 ms.
Unloading 1547 Unused Serialized files (Serialized files now loaded: 0)
System memory in use before: 94.0 MB.
System memory in use after: 94.1 MB.

Unloading 5 unused Assets to reduce memory usage. Loaded Objects now: 2129.
Total: 1.989300 ms (FindLiveObjects: 0.179000 ms CreateObjectMapping: 0.055800 ms MarkObjects: 1.699400 ms  DeleteObjects: 0.054200 ms)

========================================================================
Received Prepare
Registering precompiled user dll's ...
Registered in 0.000897 seconds.
Begin MonoManager ReloadAssembly
Native extension for WindowsStandalone target not found
Native extension for WebGL target not found
Refreshing native plugins compatible for Editor in 0.66 ms, found 0 plugins.
Preloading 0 native plugins for Editor in 0.00 ms.
Warning: Annotation not found!
UnityEngine.StackTraceUtility:ExtractStackTrace ()
UnityEditor.ProBuilder.EditorUtility:SetGizmoIconEnabled (System.Type,bool) (at Library/PackageCache/com.unity.probuilder@4.4.0/Editor/EditorCore/EditorUtility.cs:593)
UnityEditor.ProBuilder.HierarchyListener:.cctor () (at Library/PackageCache/com.unity.probuilder@4.4.0/Editor/EditorCore/HierarchyListener.cs:21)
System.Runtime.CompilerServices.RuntimeHelpers:RunClassConstructor (System.RuntimeTypeHandle)
UnityEditor.EditorAssemblies:ProcessInitializeOnLoadAttributes (System.Type[])

[Library/PackageCache/com.unity.probuilder@4.4.0/Editor/EditorCore/EditorUtility.cs line 593]

Invoked RoslynAnalysisRunner static constructor.
RoslynAnalysisRunner will not be running.
RoslynAnalysisRunner has terminated.
Mono: successfully reloaded assembly
- Completed reload, in  0.831 seconds
Platform modules already initialized, skipping
Refreshing native plugins compatible for Editor in 0.31 ms, found 0 plugins.
Preloading 0 native plugins for Editor in 0.00 ms.
Unloading 1547 Unused Serialized files (Serialized files now loaded: 0)
System memory in use before: 94.0 MB.
System memory in use after: 94.1 MB.

Unloading 5 unused Assets to reduce memory usage. Loaded Objects now: 2131.
Total: 2.645000 ms (FindLiveObjects: 0.352900 ms CreateObjectMapping: 0.096700 ms MarkObjects: 2.143200 ms  DeleteObjects: 0.051100 ms)

========================================================================
Received Import Request.
  Time since last request: 1520.631562 seconds.
  path: Assets/Scripts/Mother
  artifactKey: Guid(ba23a6dcc44334c42b6df06a49a901da) Importer(815301076,1909f56bfc062723c751e8b465ee728b)
Start importing Assets/Scripts/Mother using Guid(ba23a6dcc44334c42b6df06a49a901da) Importer(815301076,1909f56bfc062723c751e8b465ee728b)  -> (artifact id: 'dbb70b9651afc2c4f9750545c0bf27a3') in 0.050714 seconds
  Import took 0.068053 seconds .

========================================================================
Received Import Request.
  Time since last request: 5.662065 seconds.
  path: Assets/Scripts/Mother/Editor
  artifactKey: Guid(2c2764807fefcfe45812e64b68f3173c) Importer(815301076,1909f56bfc062723c751e8b465ee728b)
Start importing Assets/Scripts/Mother/Editor using Guid(2c2764807fefcfe45812e64b68f3173c) Importer(815301076,1909f56bfc062723c751e8b465ee728b)  -> (artifact id: 'bc2455c6ccfc3508c13ed2352baf163f') in 0.055112 seconds
  Import took 0.058489 seconds .

========================================================================
Received Import Request.
  Time since last request: 0.002889 seconds.
  path: Assets/Scripts/Mother/Editor
  artifactKey: Guid(2c2764807fefcfe45812e64b68f3173c) Importer(815301076,1909f56bfc062723c751e8b465ee728b)
Start importing Assets/Scripts/Mother/Editor using Guid(2c2764807fefcfe45812e64b68f3173c) Importer(815301076,1909f56bfc062723c751e8b465ee728b)  -> (artifact id: 'bc2455c6ccfc3508c13ed2352baf163f') in 0.041333 seconds
  Import took 0.047264 seconds .

========================================================================
Received Prepare
Registering precompiled user dll's ...
Registered in 0.000960 seconds.
Begin MonoManager ReloadAssembly
Native extension for WindowsStandalone target not found
Native extension for WebGL target not found
Refreshing native plugins compatible for Editor in 0.64 ms, found 0 plugins.
Preloading 0 native plugins for Editor in 0.00 ms.
Warning: Annotation not found!
UnityEngine.StackTraceUtility:ExtractStackTrace ()
UnityEditor.ProBuilder.EditorUtility:SetGizmoIconEnabled (System.Type,bool) (at Library/PackageCache/com.unity.probuilder@4.4.0/Editor/EditorCore/EditorUtility.cs:593)
UnityEditor.ProBuilder.HierarchyListener:.cctor () (at Library/PackageCache/com.unity.probuilder@4.4.0/Editor/EditorCore/HierarchyListener.cs:21)
System.Runtime.CompilerServices.RuntimeHelpers:RunClassConstructor (System.RuntimeTypeHandle)
UnityEditor.EditorAssemblies:ProcessInitializeOnLoadAttributes (System.Type[])

[Library/PackageCache/com.unity.probuilder@4.4.0/Editor/EditorCore/EditorUtility.cs line 593]

Invoked RoslynAnalysisRunner static constructor.
RoslynAnalysisRunner will not be running.
RoslynAnalysisRunner has terminated.
Mono: successfully reloaded assembly
- Completed reload, in  0.939 seconds
Platform modules already initialized, skipping
Refreshing native plugins compatible for Editor in 0.30 ms, found 0 plugins.
Preloading 0 native plugins for Editor in 0.00 ms.
Unloading 1547 Unused Serialized files (Serialized files now loaded: 0)
System memory in use before: 94.0 MB.
System memory in use after: 94.1 MB.

Unloading 5 unused Assets to reduce memory usage. Loaded Objects now: 2133.
Total: 2.360600 ms (FindLiveObjects: 0.284000 ms CreateObjectMapping: 0.124100 ms MarkObjects: 1.893100 ms  DeleteObjects: 0.058200 ms)

========================================================================
Received Prepare
Refreshing native plugins compatible for Editor in 0.81 ms, found 0 plugins.
Preloading 0 native plugins for Editor in 0.00 ms.
Unloading 3 Unused Serialized files (Serialized files now loaded: 0)
System memory in use before: 63.4 MB.
System memory in use after: 63.5 MB.

Unloading 3 unused Assets to reduce memory usage. Loaded Objects now: 2133.
Total: 2.177200 ms (FindLiveObjects: 0.159300 ms CreateObjectMapping: 0.055700 ms MarkObjects: 1.903900 ms  DeleteObjects: 0.057500 ms)

========================================================================
Received Import Request.
  Time since last request: 42600.151359 seconds.
  path: Assets/Scenes/Nick'sScene
  artifactKey: Guid(7faf57c6855e27c4ead83a1e459764ee) Importer(815301076,1909f56bfc062723c751e8b465ee728b)
Start importing Assets/Scenes/Nick'sScene using Guid(7faf57c6855e27c4ead83a1e459764ee) Importer(815301076,1909f56bfc062723c751e8b465ee728b)  -> (artifact id: 'b54a93ee81bb365b5fe910df41cc589b') in 0.055656 seconds
  Import took 0.149458 seconds .

========================================================================
Received Import Request.
  Time since last request: 0.236073 seconds.
  path: Assets/Scenes/Game.unity
  artifactKey: Guid(fca4ee8c2ebe2b7478edc5b22938d5e2) Importer(815301076,1909f56bfc062723c751e8b465ee728b)
Start importing Assets/Scenes/Game.unity using Guid(fca4ee8c2ebe2b7478edc5b22938d5e2) Importer(815301076,1909f56bfc062723c751e8b465ee728b)  -> (artifact id: 'a140c5693879d2f595bad4ea28118b42') in 0.149945 seconds
  Import took 0.160854 seconds .

========================================================================
Received Import Request.
  Time since last request: 234.841917 seconds.
  path: Assets/Scenes/Game.unity
  artifactKey: Guid(fca4ee8c2ebe2b7478edc5b22938d5e2) Importer(815301076,1909f56bfc062723c751e8b465ee728b)
Start importing Assets/Scenes/Game.unity using Guid(fca4ee8c2ebe2b7478edc5b22938d5e2) Importer(815301076,1909f56bfc062723c751e8b465ee728b)  -> (artifact id: '06c62d3bb0222c3476563dd56c9a03f1') in 0.033510 seconds
  Import took 0.109011 seconds .

========================================================================
Received Prepare
Refreshing native plugins compatible for Editor in 0.75 ms, found 0 plugins.
Preloading 0 native plugins for Editor in 0.00 ms.
Unloading 3 Unused Serialized files (Serialized files now loaded: 0)
System memory in use before: 63.5 MB.
System memory in use after: 63.6 MB.

Unloading 3 unused Assets to reduce memory usage. Loaded Objects now: 2133.
Total: 7.320300 ms (FindLiveObjects: 0.492600 ms CreateObjectMapping: 0.125200 ms MarkObjects: 6.609700 ms  DeleteObjects: 0.091500 ms)

